<?xml version="1.0" encoding="UTF-8"?>
<!-- Generated by org.testng.reporters.JUnitReportReporter -->
<testsuite hostname="Abdulsami_M" failures="0" tests="1" name="com.QM.PracticeTestCasesHybridApp.PhotosApp_Practice" time="11.259" errors="0" timestamp="2024-08-13T18:04:32 IST" skipped="0">
  <testcase classname="com.QM.PracticeTestCasesHybridApp.PhotosApp_Practice" name="testPhotosApp" time="11.259"/>
</testsuite> <!-- com.QM.PracticeTestCasesHybridApp.PhotosApp_Practice -->
