<?xml version="1.0" encoding="UTF-8"?>
<!-- Generated by org.testng.reporters.JUnitReportReporter -->
<testsuite hostname="Abdulsami_M" failures="0" tests="2" name="com.QM.PracticeTestCasesHybridApp.GmailApp_Practice" time="34.449" errors="0" timestamp="2024-08-13T18:04:32 IST" skipped="0">
  <testcase classname="com.QM.PracticeTestCasesHybridApp.GmailApp_Practice" name="test" time="9.880"/>
  <testcase classname="com.QM.PracticeTestCasesHybridApp.GmailApp_Practice" name="testGmailmail" time="24.569"/>
</testsuite> <!-- com.QM.PracticeTestCasesHybridApp.GmailApp_Practice -->
