<?xml version="1.0" encoding="UTF-8"?>
<!-- Generated by org.testng.reporters.JUnitReportReporter -->
<testsuite hostname="Abdulsami_M" failures="0" tests="1" name="com.QM.PracticeTestCasesHybridApp.TC_02_Practice" time="63.253" errors="0" timestamp="2024-08-13T18:04:32 IST" skipped="0">
  <testcase classname="com.QM.PracticeTestCasesHybridApp.TC_02_Practice" name="EcomappTest2" time="63.253"/>
</testsuite> <!-- com.QM.PracticeTestCasesHybridApp.TC_02_Practice -->
